<?xml version="1.0" encoding="UTF-8"?>
<testsuites tests="1" failures="1" disabled="0" errors="0" time="0.017" timestamp="2025-06-19T13:09:10.540" name="AllTests">
  <testsuite name="PlaneDetectorTest" tests="1" failures="1" disabled="0" skipped="0" errors="0" time="0.017" timestamp="2025-06-19T13:09:10.540">
    <testcase name="DifferentVoxelSizes" file="/Users/michaelhalloran/cube_edit/core/input/tests/test_PlaneDetector.cpp" line="158" status="run" result="completed" time="0.017" timestamp="2025-06-19T13:09:10.540" classname="PlaneDetectorTest">
      <failure message="/Users/michaelhalloran/cube_edit/core/input/tests/test_PlaneDetector.cpp:169&#x0A;Expected equality of these values:&#x0A;  result32.plane.height&#x0A;    Which is: 0.56&#x0A;  0.32f&#x0A;    Which is: 0.31999999" type=""><![CDATA[/Users/michaelhalloran/cube_edit/core/input/tests/test_PlaneDetector.cpp:169
Expected equality of these values:
  result32.plane.height
    Which is: 0.56
  0.32f
    Which is: 0.31999999]]></failure>
      <failure message="/Users/michaelhalloran/cube_edit/core/input/tests/test_PlaneDetector.cpp:174&#x0A;Expected equality of these values:&#x0A;  result16.plane.height&#x0A;    Which is: 0.56&#x0A;  0.16f&#x0A;    Which is: 0.16" type=""><![CDATA[/Users/michaelhalloran/cube_edit/core/input/tests/test_PlaneDetector.cpp:174
Expected equality of these values:
  result16.plane.height
    Which is: 0.56
  0.16f
    Which is: 0.16]]></failure>
      <failure message="/Users/michaelhalloran/cube_edit/core/input/tests/test_PlaneDetector.cpp:179&#x0A;Expected equality of these values:&#x0A;  result8.plane.height&#x0A;    Which is: 0&#x0A;  0.08f&#x0A;    Which is: 0.079999998" type=""><![CDATA[/Users/michaelhalloran/cube_edit/core/input/tests/test_PlaneDetector.cpp:179
Expected equality of these values:
  result8.plane.height
    Which is: 0
  0.08f
    Which is: 0.079999998]]></failure>
    </testcase>
  </testsuite>
</testsuites>
