Start testing: Jun 02 17:55 EDT
----------------------------------------------------------
Unable to find executable: VoxelEditor_Logging_Tests_NOT_BUILT
1/6 Testing: VoxelEditor_Logging_Tests_NOT_BUILT
1/6 Test: VoxelEditor_Logging_Tests_NOT_BUILT
Command: ""
Directory: /Users/michaelhalloran/cube_edit/build_ninja/foundation/logging/tests
"VoxelEditor_Logging_Tests_NOT_BUILT" start time: 
Output:
----------------------------------------------------------
<end of output>
Test time =   0.00 sec
----------------------------------------------------------
Test Passed.
"VoxelEditor_Logging_Tests_NOT_BUILT" end time: Jun 02 17:55 EDT
"VoxelEditor_Logging_Tests_NOT_BUILT" time elapsed: 00:00:00
----------------------------------------------------------

Unable to find executable: VoxelEditor_Config_Tests_NOT_BUILT
2/6 Testing: VoxelEditor_Config_Tests_NOT_BUILT
2/6 Test: VoxelEditor_Config_Tests_NOT_BUILT
Command: ""
Directory: /Users/michaelhalloran/cube_edit/build_ninja/foundation/config/tests
"VoxelEditor_Config_Tests_NOT_BUILT" start time: 
Output:
----------------------------------------------------------
<end of output>
Test time =   0.00 sec
----------------------------------------------------------
Test Passed.
"VoxelEditor_Config_Tests_NOT_BUILT" end time: Jun 02 17:55 EDT
"VoxelEditor_Config_Tests_NOT_BUILT" time elapsed: 00:00:00
----------------------------------------------------------

Unable to find executable: VoxelEditor_VoxelData_Tests_NOT_BUILT
3/6 Testing: VoxelEditor_VoxelData_Tests_NOT_BUILT
3/6 Test: VoxelEditor_VoxelData_Tests_NOT_BUILT
Command: ""
Directory: /Users/michaelhalloran/cube_edit/build_ninja/core/voxel_data/tests
"VoxelEditor_VoxelData_Tests_NOT_BUILT" start time: 
Output:
----------------------------------------------------------
<end of output>
Test time =   0.00 sec
----------------------------------------------------------
Test Passed.
"VoxelEditor_VoxelData_Tests_NOT_BUILT" end time: Jun 02 17:55 EDT
"VoxelEditor_VoxelData_Tests_NOT_BUILT" time elapsed: 00:00:00
----------------------------------------------------------

Unable to find executable: VoxelEditor_Rendering_Tests_NOT_BUILT
4/6 Testing: VoxelEditor_Rendering_Tests_NOT_BUILT
4/6 Test: VoxelEditor_Rendering_Tests_NOT_BUILT
Command: ""
Directory: /Users/michaelhalloran/cube_edit/build_ninja/core/rendering/tests
"VoxelEditor_Rendering_Tests_NOT_BUILT" start time: 
Output:
----------------------------------------------------------
<end of output>
Test time =   0.00 sec
----------------------------------------------------------
Test Passed.
"VoxelEditor_Rendering_Tests_NOT_BUILT" end time: Jun 02 17:55 EDT
"VoxelEditor_Rendering_Tests_NOT_BUILT" time elapsed: 00:00:00
----------------------------------------------------------

Unable to find executable: VoxelEditor_Input_Tests_NOT_BUILT
5/6 Testing: VoxelEditor_Input_Tests_NOT_BUILT
5/6 Test: VoxelEditor_Input_Tests_NOT_BUILT
Command: ""
Directory: /Users/michaelhalloran/cube_edit/build_ninja/core/input/tests
"VoxelEditor_Input_Tests_NOT_BUILT" start time: 
Output:
----------------------------------------------------------
<end of output>
Test time =   0.00 sec
----------------------------------------------------------
Test Passed.
"VoxelEditor_Input_Tests_NOT_BUILT" end time: Jun 02 17:55 EDT
"VoxelEditor_Input_Tests_NOT_BUILT" time elapsed: 00:00:00
----------------------------------------------------------

Unable to find executable: VoxelEditor_Selection_Tests_NOT_BUILT
6/6 Testing: VoxelEditor_Selection_Tests_NOT_BUILT
6/6 Test: VoxelEditor_Selection_Tests_NOT_BUILT
Command: ""
Directory: /Users/michaelhalloran/cube_edit/build_ninja/core/selection/tests
"VoxelEditor_Selection_Tests_NOT_BUILT" start time: 
Output:
----------------------------------------------------------
<end of output>
Test time =   0.00 sec
----------------------------------------------------------
Test Passed.
"VoxelEditor_Selection_Tests_NOT_BUILT" end time: Jun 02 17:55 EDT
"VoxelEditor_Selection_Tests_NOT_BUILT" time elapsed: 00:00:00
----------------------------------------------------------

End testing: Jun 02 17:55 EDT
