Start testing: Jun 18 07:52 EDT
----------------------------------------------------------
Unable to find executable: VoxelEditor_Input_Tests_NOT_BUILT
306/332 Testing: VoxelEditor_Input_Tests_NOT_BUILT
306/332 Test: VoxelEditor_Input_Tests_NOT_BUILT
Command: ""
Directory: /Users/michaelhalloran/cube_edit/build_ninja/core/input/tests
"VoxelEditor_Input_Tests_NOT_BUILT" start time: 
Output:
----------------------------------------------------------
<end of output>
Test time =   0.00 sec
----------------------------------------------------------
Test Passed.
"VoxelEditor_Input_Tests_NOT_BUILT" end time: Jun 18 07:52 EDT
"VoxelEditor_Input_Tests_NOT_BUILT" time elapsed: 00:00:00
----------------------------------------------------------

End testing: Jun 18 07:52 EDT
