Start testing: Jun 20 08:27 EDT
----------------------------------------------------------
494/1058 Testing: ShaderManagerTest.ShaderCompilationErrorHandling
494/1058 Test: ShaderManagerTest.ShaderCompilationErrorHandling
Command: "/Users/michaelhalloran/cube_edit/build_ninja/bin/VoxelEditor_Rendering_Tests" "--gtest_filter=ShaderManagerTest.ShaderCompilationErrorHandling" "--gtest_also_run_disabled_tests"
Directory: /Users/michaelhalloran/cube_edit/build_ninja/core/rendering/tests
"ShaderManagerTest.ShaderCompilationErrorHandling" start time: Jun 20 08:27 EDT
Output:
----------------------------------------------------------
Note: Google Test filter = ShaderManagerTest.ShaderCompilationErrorHandling
[==========] Running 1 test from 1 test suite.
[----------] Global test environment set-up.
[----------] 1 test from ShaderManagerTest
[ RUN      ] ShaderManagerTest.ShaderCompilationErrorHandling
[2025-06-20 08:27:53.930] [INFO ] Compiling shader program: error_shader
[2025-06-20 08:27:53.931] [INFO ] Successfully created shader program: error_shader (ID: 100)
[       OK ] ShaderManagerTest.ShaderCompilationErrorHandling (0 ms)
[----------] 1 test from ShaderManagerTest (0 ms total)

[----------] Global test environment tear-down
[==========] 1 test from 1 test suite ran. (0 ms total)
[  PASSED  ] 1 test.
<end of output>
Test time =   0.01 sec
----------------------------------------------------------
Test Passed.
"ShaderManagerTest.ShaderCompilationErrorHandling" end time: Jun 20 08:27 EDT
"ShaderManagerTest.ShaderCompilationErrorHandling" time elapsed: 00:00:00
----------------------------------------------------------

508/1058 Testing: HighlightShaderValidationTest.ValidateHighlightShaderCompilation
508/1058 Test: HighlightShaderValidationTest.ValidateHighlightShaderCompilation
Command: "/Users/michaelhalloran/cube_edit/build_ninja/bin/VoxelEditor_Rendering_Tests" "--gtest_filter=HighlightShaderValidationTest.ValidateHighlightShaderCompilation" "--gtest_also_run_disabled_tests"
Directory: /Users/michaelhalloran/cube_edit/build_ninja/core/rendering/tests
"HighlightShaderValidationTest.ValidateHighlightShaderCompilation" start time: Jun 20 08:27 EDT
Output:
----------------------------------------------------------
Note: Google Test filter = HighlightShaderValidationTest.ValidateHighlightShaderCompilation
[==========] Running 1 test from 1 test suite.
[----------] Global test environment set-up.
[----------] 1 test from HighlightShaderValidationTest
[ RUN      ] HighlightShaderValidationTest.ValidateHighlightShaderCompilation
Successfully loaded OpenGL VAO functions
Successfully created and bound default VAO: 1
[2025-06-20 08:27:54.018] [INFO ] RenderEngine: Loading built-in shaders...
[2025-06-20 08:27:54.018] [WARN ] Could not find shader directory, will use built-in shaders
[2025-06-20 08:27:54.018] [ERROR] Failed to open vertex shader file: basic_voxel_gl33.vert
[2025-06-20 08:27:54.018] [WARN ] Failed to load basic shader from file, using built-in version
[2025-06-20 08:27:54.018] [INFO ] Using built-in shader definitions
[2025-06-20 08:27:54.018] [INFO ] RenderEngine: Creating basic shader from built-in source...
[2025-06-20 08:27:54.018] [INFO ] Compiling shader program: basic
Shader attribute locations after linking: pos=0 normal=1 color=2
[2025-06-20 08:27:54.020] [INFO ] Successfully created shader program: basic (ID: 3)
Created basic shader with ID: 3
[2025-06-20 08:27:54.020] [INFO ] RenderEngine: Creating enhanced shader from built-in source...
[2025-06-20 08:27:54.020] [INFO ] Compiling shader program: enhanced
Shader attribute locations after linking: pos=0 normal=1 color=2
[2025-06-20 08:27:54.022] [INFO ] Successfully created shader program: enhanced (ID: 6)
Created enhanced shader with ID: 6
[2025-06-20 08:27:54.022] [INFO ] RenderEngine: Creating flat shader from built-in source...
[2025-06-20 08:27:54.022] [INFO ] Compiling shader program: flat
Program linking warning: WARNING: Output of vertex shader 'FragPos' not read by fragment shader

Shader attribute locations after linking: pos=0 normal=1 color=2
[2025-06-20 08:27:54.024] [INFO ] Successfully created shader program: flat (ID: 9)
Created flat shader with ID: 9
[2025-06-20 08:27:54.024] [INFO ] RenderEngine: All built-in shaders loaded successfully
[2025-06-20 08:27:54.024] [INFO ] GroundPlaneGrid: Loading ground plane grid shader from files...
[2025-06-20 08:27:54.024] [INFO ] Compiling shader program: ground_plane
Shader attribute locations after linking: pos=-1 normal=-1 color=-1
[2025-06-20 08:27:54.025] [INFO ] Successfully created shader program: ground_plane (ID: 12)
[2025-06-20 08:27:54.025] [INFO ] GroundPlaneGrid: Shader created successfully with ID: 12
[2025-06-20 08:27:54.025] [INFO ] Ground plane grid renderer initialized
[2025-06-20 08:27:54.025] [INFO ] RenderEngine initialized successfully
[2025-06-20 08:27:54.025] [INFO ] Renderer: OpenGL 4.1 Metal - 89.3 - Apple M2 (Apple)
[2025-06-20 08:27:54.026] [INFO ] RenderEngine shut down
[       OK ] HighlightShaderValidationTest.ValidateHighlightShaderCompilation (89 ms)
[----------] 1 test from HighlightShaderValidationTest (89 ms total)

[----------] Global test environment tear-down
[==========] 1 test from 1 test suite ran. (89 ms total)
[  PASSED  ] 1 test.
<end of output>
Test time =   0.10 sec
----------------------------------------------------------
Test Passed.
"HighlightShaderValidationTest.ValidateHighlightShaderCompilation" end time: Jun 20 08:27 EDT
"HighlightShaderValidationTest.ValidateHighlightShaderCompilation" time elapsed: 00:00:00
----------------------------------------------------------

509/1058 Testing: HighlightShaderValidationTest.ValidateHighlightRendererCreation
509/1058 Test: HighlightShaderValidationTest.ValidateHighlightRendererCreation
Command: "/Users/michaelhalloran/cube_edit/build_ninja/bin/VoxelEditor_Rendering_Tests" "--gtest_filter=HighlightShaderValidationTest.ValidateHighlightRendererCreation" "--gtest_also_run_disabled_tests"
Directory: /Users/michaelhalloran/cube_edit/build_ninja/core/rendering/tests
"HighlightShaderValidationTest.ValidateHighlightRendererCreation" start time: Jun 20 08:27 EDT
Output:
----------------------------------------------------------
Note: Google Test filter = HighlightShaderValidationTest.ValidateHighlightRendererCreation
[==========] Running 1 test from 1 test suite.
[----------] Global test environment set-up.
[----------] 1 test from HighlightShaderValidationTest
[ RUN      ] HighlightShaderValidationTest.ValidateHighlightRendererCreation
Successfully loaded OpenGL VAO functions
Successfully created and bound default VAO: 1
[2025-06-20 08:27:54.128] [INFO ] RenderEngine: Loading built-in shaders...
[2025-06-20 08:27:54.128] [WARN ] Could not find shader directory, will use built-in shaders
[2025-06-20 08:27:54.128] [ERROR] Failed to open vertex shader file: basic_voxel_gl33.vert
[2025-06-20 08:27:54.128] [WARN ] Failed to load basic shader from file, using built-in version
[2025-06-20 08:27:54.128] [INFO ] Using built-in shader definitions
[2025-06-20 08:27:54.128] [INFO ] RenderEngine: Creating basic shader from built-in source...
[2025-06-20 08:27:54.128] [INFO ] Compiling shader program: basic
Shader attribute locations after linking: pos=0 normal=1 color=2
[2025-06-20 08:27:54.130] [INFO ] Successfully created shader program: basic (ID: 3)
Created basic shader with ID: 3
[2025-06-20 08:27:54.130] [INFO ] RenderEngine: Creating enhanced shader from built-in source...
[2025-06-20 08:27:54.130] [INFO ] Compiling shader program: enhanced
Shader attribute locations after linking: pos=0 normal=1 color=2
[2025-06-20 08:27:54.132] [INFO ] Successfully created shader program: enhanced (ID: 6)
Created enhanced shader with ID: 6
[2025-06-20 08:27:54.132] [INFO ] RenderEngine: Creating flat shader from built-in source...
[2025-06-20 08:27:54.132] [INFO ] Compiling shader program: flat
Program linking warning: WARNING: Output of vertex shader 'FragPos' not read by fragment shader

Shader attribute locations after linking: pos=0 normal=1 color=2
[2025-06-20 08:27:54.134] [INFO ] Successfully created shader program: flat (ID: 9)
Created flat shader with ID: 9
[2025-06-20 08:27:54.134] [INFO ] RenderEngine: All built-in shaders loaded successfully
[2025-06-20 08:27:54.134] [INFO ] GroundPlaneGrid: Loading ground plane grid shader from files...
[2025-06-20 08:27:54.134] [INFO ] Compiling shader program: ground_plane
Shader attribute locations after linking: pos=-1 normal=-1 color=-1
[2025-06-20 08:27:54.135] [INFO ] Successfully created shader program: ground_plane (ID: 12)
[2025-06-20 08:27:54.135] [INFO ] GroundPlaneGrid: Shader created successfully with ID: 12
[2025-06-20 08:27:54.135] [INFO ] Ground plane grid renderer initialized
[2025-06-20 08:27:54.135] [INFO ] RenderEngine initialized successfully
[2025-06-20 08:27:54.135] [INFO ] Renderer: OpenGL 4.1 Metal - 89.3 - Apple M2 (Apple)
[2025-06-20 08:27:54.136] [INFO ] RenderEngine shut down
[       OK ] HighlightShaderValidationTest.ValidateHighlightRendererCreation (102 ms)
[----------] 1 test from HighlightShaderValidationTest (102 ms total)

[----------] Global test environment tear-down
[==========] 1 test from 1 test suite ran. (102 ms total)
[  PASSED  ] 1 test.
<end of output>
Test time =   0.11 sec
----------------------------------------------------------
Test Passed.
"HighlightShaderValidationTest.ValidateHighlightRendererCreation" end time: Jun 20 08:27 EDT
"HighlightShaderValidationTest.ValidateHighlightRendererCreation" time elapsed: 00:00:00
----------------------------------------------------------

510/1058 Testing: HighlightShaderValidationTest.ValidateShaderWithDifferentStates
510/1058 Test: HighlightShaderValidationTest.ValidateShaderWithDifferentStates
Command: "/Users/michaelhalloran/cube_edit/build_ninja/bin/VoxelEditor_Rendering_Tests" "--gtest_filter=HighlightShaderValidationTest.ValidateShaderWithDifferentStates" "--gtest_also_run_disabled_tests"
Directory: /Users/michaelhalloran/cube_edit/build_ninja/core/rendering/tests
"HighlightShaderValidationTest.ValidateShaderWithDifferentStates" start time: Jun 20 08:27 EDT
Output:
----------------------------------------------------------
Note: Google Test filter = HighlightShaderValidationTest.ValidateShaderWithDifferentStates
[==========] Running 1 test from 1 test suite.
[----------] Global test environment set-up.
[----------] 1 test from HighlightShaderValidationTest
[ RUN      ] HighlightShaderValidationTest.ValidateShaderWithDifferentStates
Successfully loaded OpenGL VAO functions
Successfully created and bound default VAO: 1
[2025-06-20 08:27:54.233] [INFO ] RenderEngine: Loading built-in shaders...
[2025-06-20 08:27:54.233] [WARN ] Could not find shader directory, will use built-in shaders
[2025-06-20 08:27:54.233] [ERROR] Failed to open vertex shader file: basic_voxel_gl33.vert
[2025-06-20 08:27:54.233] [WARN ] Failed to load basic shader from file, using built-in version
[2025-06-20 08:27:54.233] [INFO ] Using built-in shader definitions
[2025-06-20 08:27:54.233] [INFO ] RenderEngine: Creating basic shader from built-in source...
[2025-06-20 08:27:54.233] [INFO ] Compiling shader program: basic
Shader attribute locations after linking: pos=0 normal=1 color=2
[2025-06-20 08:27:54.235] [INFO ] Successfully created shader program: basic (ID: 3)
Created basic shader with ID: 3
[2025-06-20 08:27:54.235] [INFO ] RenderEngine: Creating enhanced shader from built-in source...
[2025-06-20 08:27:54.235] [INFO ] Compiling shader program: enhanced
Shader attribute locations after linking: pos=0 normal=1 color=2
[2025-06-20 08:27:54.237] [INFO ] Successfully created shader program: enhanced (ID: 6)
Created enhanced shader with ID: 6
[2025-06-20 08:27:54.237] [INFO ] RenderEngine: Creating flat shader from built-in source...
[2025-06-20 08:27:54.237] [INFO ] Compiling shader program: flat
Program linking warning: WARNING: Output of vertex shader 'FragPos' not read by fragment shader

Shader attribute locations after linking: pos=0 normal=1 color=2
[2025-06-20 08:27:54.239] [INFO ] Successfully created shader program: flat (ID: 9)
Created flat shader with ID: 9
[2025-06-20 08:27:54.239] [INFO ] RenderEngine: All built-in shaders loaded successfully
[2025-06-20 08:27:54.239] [INFO ] GroundPlaneGrid: Loading ground plane grid shader from files...
[2025-06-20 08:27:54.239] [INFO ] Compiling shader program: ground_plane
Shader attribute locations after linking: pos=-1 normal=-1 color=-1
[2025-06-20 08:27:54.239] [INFO ] Successfully created shader program: ground_plane (ID: 12)
[2025-06-20 08:27:54.239] [INFO ] GroundPlaneGrid: Shader created successfully with ID: 12
[2025-06-20 08:27:54.239] [INFO ] Ground plane grid renderer initialized
[2025-06-20 08:27:54.239] [INFO ] RenderEngine initialized successfully
[2025-06-20 08:27:54.239] [INFO ] Renderer: OpenGL 4.1 Metal - 89.3 - Apple M2 (Apple)
[2025-06-20 08:27:54.240] [INFO ] RenderEngine shut down
[       OK ] HighlightShaderValidationTest.ValidateShaderWithDifferentStates (89 ms)
[----------] 1 test from HighlightShaderValidationTest (89 ms total)

[----------] Global test environment tear-down
[==========] 1 test from 1 test suite ran. (89 ms total)
[  PASSED  ] 1 test.
<end of output>
Test time =   0.10 sec
----------------------------------------------------------
Test Passed.
"HighlightShaderValidationTest.ValidateShaderWithDifferentStates" end time: Jun 20 08:27 EDT
"HighlightShaderValidationTest.ValidateShaderWithDifferentStates" time elapsed: 00:00:00
----------------------------------------------------------

511/1058 Testing: HighlightShaderValidationTest.ValidateMultipleHighlights
511/1058 Test: HighlightShaderValidationTest.ValidateMultipleHighlights
Command: "/Users/michaelhalloran/cube_edit/build_ninja/bin/VoxelEditor_Rendering_Tests" "--gtest_filter=HighlightShaderValidationTest.ValidateMultipleHighlights" "--gtest_also_run_disabled_tests"
Directory: /Users/michaelhalloran/cube_edit/build_ninja/core/rendering/tests
"HighlightShaderValidationTest.ValidateMultipleHighlights" start time: Jun 20 08:27 EDT
Output:
----------------------------------------------------------
Note: Google Test filter = HighlightShaderValidationTest.ValidateMultipleHighlights
[==========] Running 1 test from 1 test suite.
[----------] Global test environment set-up.
[----------] 1 test from HighlightShaderValidationTest
[ RUN      ] HighlightShaderValidationTest.ValidateMultipleHighlights
Successfully loaded OpenGL VAO functions
Successfully created and bound default VAO: 1
[2025-06-20 08:27:54.329] [INFO ] RenderEngine: Loading built-in shaders...
[2025-06-20 08:27:54.329] [WARN ] Could not find shader directory, will use built-in shaders
[2025-06-20 08:27:54.329] [ERROR] Failed to open vertex shader file: basic_voxel_gl33.vert
[2025-06-20 08:27:54.329] [WARN ] Failed to load basic shader from file, using built-in version
[2025-06-20 08:27:54.329] [INFO ] Using built-in shader definitions
[2025-06-20 08:27:54.329] [INFO ] RenderEngine: Creating basic shader from built-in source...
[2025-06-20 08:27:54.329] [INFO ] Compiling shader program: basic
Shader attribute locations after linking: pos=0 normal=1 color=2
[2025-06-20 08:27:54.331] [INFO ] Successfully created shader program: basic (ID: 3)
Created basic shader with ID: 3
[2025-06-20 08:27:54.331] [INFO ] RenderEngine: Creating enhanced shader from built-in source...
[2025-06-20 08:27:54.331] [INFO ] Compiling shader program: enhanced
Shader attribute locations after linking: pos=0 normal=1 color=2
[2025-06-20 08:27:54.333] [INFO ] Successfully created shader program: enhanced (ID: 6)
Created enhanced shader with ID: 6
[2025-06-20 08:27:54.333] [INFO ] RenderEngine: Creating flat shader from built-in source...
[2025-06-20 08:27:54.333] [INFO ] Compiling shader program: flat
Program linking warning: WARNING: Output of vertex shader 'FragPos' not read by fragment shader

Shader attribute locations after linking: pos=0 normal=1 color=2
[2025-06-20 08:27:54.335] [INFO ] Successfully created shader program: flat (ID: 9)
Created flat shader with ID: 9
[2025-06-20 08:27:54.335] [INFO ] RenderEngine: All built-in shaders loaded successfully
[2025-06-20 08:27:54.335] [INFO ] GroundPlaneGrid: Loading ground plane grid shader from files...
[2025-06-20 08:27:54.335] [INFO ] Compiling shader program: ground_plane
Shader attribute locations after linking: pos=-1 normal=-1 color=-1
[2025-06-20 08:27:54.335] [INFO ] Successfully created shader program: ground_plane (ID: 12)
[2025-06-20 08:27:54.335] [INFO ] GroundPlaneGrid: Shader created successfully with ID: 12
[2025-06-20 08:27:54.335] [INFO ] Ground plane grid renderer initialized
[2025-06-20 08:27:54.335] [INFO ] RenderEngine initialized successfully
[2025-06-20 08:27:54.335] [INFO ] Renderer: OpenGL 4.1 Metal - 89.3 - Apple M2 (Apple)
[2025-06-20 08:27:54.337] [INFO ] RenderEngine shut down
[       OK ] HighlightShaderValidationTest.ValidateMultipleHighlights (86 ms)
[----------] 1 test from HighlightShaderValidationTest (86 ms total)

[----------] Global test environment tear-down
[==========] 1 test from 1 test suite ran. (86 ms total)
[  PASSED  ] 1 test.
<end of output>
Test time =   0.10 sec
----------------------------------------------------------
Test Passed.
"HighlightShaderValidationTest.ValidateMultipleHighlights" end time: Jun 20 08:27 EDT
"HighlightShaderValidationTest.ValidateMultipleHighlights" time elapsed: 00:00:00
----------------------------------------------------------

512/1058 Testing: HighlightShaderValidationTest.ValidateFaceHighlightRendering
512/1058 Test: HighlightShaderValidationTest.ValidateFaceHighlightRendering
Command: "/Users/michaelhalloran/cube_edit/build_ninja/bin/VoxelEditor_Rendering_Tests" "--gtest_filter=HighlightShaderValidationTest.ValidateFaceHighlightRendering" "--gtest_also_run_disabled_tests"
Directory: /Users/michaelhalloran/cube_edit/build_ninja/core/rendering/tests
"HighlightShaderValidationTest.ValidateFaceHighlightRendering" start time: Jun 20 08:27 EDT
Output:
----------------------------------------------------------
Note: Google Test filter = HighlightShaderValidationTest.ValidateFaceHighlightRendering
[==========] Running 1 test from 1 test suite.
[----------] Global test environment set-up.
[----------] 1 test from HighlightShaderValidationTest
[ RUN      ] HighlightShaderValidationTest.ValidateFaceHighlightRendering
Successfully loaded OpenGL VAO functions
Successfully created and bound default VAO: 1
[2025-06-20 08:27:54.428] [INFO ] RenderEngine: Loading built-in shaders...
[2025-06-20 08:27:54.428] [WARN ] Could not find shader directory, will use built-in shaders
[2025-06-20 08:27:54.428] [ERROR] Failed to open vertex shader file: basic_voxel_gl33.vert
[2025-06-20 08:27:54.428] [WARN ] Failed to load basic shader from file, using built-in version
[2025-06-20 08:27:54.428] [INFO ] Using built-in shader definitions
[2025-06-20 08:27:54.428] [INFO ] RenderEngine: Creating basic shader from built-in source...
[2025-06-20 08:27:54.428] [INFO ] Compiling shader program: basic
Shader attribute locations after linking: pos=0 normal=1 color=2
[2025-06-20 08:27:54.430] [INFO ] Successfully created shader program: basic (ID: 3)
Created basic shader with ID: 3
[2025-06-20 08:27:54.430] [INFO ] RenderEngine: Creating enhanced shader from built-in source...
[2025-06-20 08:27:54.430] [INFO ] Compiling shader program: enhanced
Shader attribute locations after linking: pos=0 normal=1 color=2
[2025-06-20 08:27:54.432] [INFO ] Successfully created shader program: enhanced (ID: 6)
Created enhanced shader with ID: 6
[2025-06-20 08:27:54.432] [INFO ] RenderEngine: Creating flat shader from built-in source...
[2025-06-20 08:27:54.432] [INFO ] Compiling shader program: flat
Program linking warning: WARNING: Output of vertex shader 'FragPos' not read by fragment shader

Shader attribute locations after linking: pos=0 normal=1 color=2
[2025-06-20 08:27:54.434] [INFO ] Successfully created shader program: flat (ID: 9)
Created flat shader with ID: 9
[2025-06-20 08:27:54.434] [INFO ] RenderEngine: All built-in shaders loaded successfully
[2025-06-20 08:27:54.434] [INFO ] GroundPlaneGrid: Loading ground plane grid shader from files...
[2025-06-20 08:27:54.434] [INFO ] Compiling shader program: ground_plane
Shader attribute locations after linking: pos=-1 normal=-1 color=-1
[2025-06-20 08:27:54.434] [INFO ] Successfully created shader program: ground_plane (ID: 12)
[2025-06-20 08:27:54.434] [INFO ] GroundPlaneGrid: Shader created successfully with ID: 12
[2025-06-20 08:27:54.434] [INFO ] Ground plane grid renderer initialized
[2025-06-20 08:27:54.434] [INFO ] RenderEngine initialized successfully
[2025-06-20 08:27:54.434] [INFO ] Renderer: OpenGL 4.1 Metal - 89.3 - Apple M2 (Apple)
[2025-06-20 08:27:54.435] [INFO ] RenderEngine shut down
[       OK ] HighlightShaderValidationTest.ValidateFaceHighlightRendering (88 ms)
[----------] 1 test from HighlightShaderValidationTest (88 ms total)

[----------] Global test environment tear-down
[==========] 1 test from 1 test suite ran. (88 ms total)
[  PASSED  ] 1 test.
<end of output>
Test time =   0.10 sec
----------------------------------------------------------
Test Passed.
"HighlightShaderValidationTest.ValidateFaceHighlightRendering" end time: Jun 20 08:27 EDT
"HighlightShaderValidationTest.ValidateFaceHighlightRendering" time elapsed: 00:00:00
----------------------------------------------------------

564/1058 Testing: EnhancedShaderValidationTest.ValidateEnhancedVoxelShader
564/1058 Test: EnhancedShaderValidationTest.ValidateEnhancedVoxelShader
Command: "/Users/michaelhalloran/cube_edit/build_ninja/bin/VoxelEditor_Rendering_Tests" "--gtest_filter=EnhancedShaderValidationTest.ValidateEnhancedVoxelShader" "--gtest_also_run_disabled_tests"
Directory: /Users/michaelhalloran/cube_edit/build_ninja/core/rendering/tests
"EnhancedShaderValidationTest.ValidateEnhancedVoxelShader" start time: Jun 20 08:27 EDT
Output:
----------------------------------------------------------
Note: Google Test filter = EnhancedShaderValidationTest.ValidateEnhancedVoxelShader
[==========] Running 1 test from 1 test suite.
[----------] Global test environment set-up.
[----------] 1 test from EnhancedShaderValidationTest
[ RUN      ] EnhancedShaderValidationTest.ValidateEnhancedVoxelShader
/Users/michaelhalloran/cube_edit/core/rendering/tests/test_EnhancedShaderValidation.cpp:131: Skipped
Could not read shader files
[  SKIPPED ] EnhancedShaderValidationTest.ValidateEnhancedVoxelShader (74 ms)
[----------] 1 test from EnhancedShaderValidationTest (74 ms total)

[----------] Global test environment tear-down
[==========] 1 test from 1 test suite ran. (74 ms total)
[  PASSED  ] 0 tests.
[  SKIPPED ] 1 test, listed below:
[  SKIPPED ] EnhancedShaderValidationTest.ValidateEnhancedVoxelShader
<end of output>
Test time =   0.08 sec
----------------------------------------------------------
Test Pass Reason:
Skip regular expression found in output. Regex=[\[  SKIPPED \]]
"EnhancedShaderValidationTest.ValidateEnhancedVoxelShader" end time: Jun 20 08:27 EDT
"EnhancedShaderValidationTest.ValidateEnhancedVoxelShader" time elapsed: 00:00:00
----------------------------------------------------------

565/1058 Testing: EnhancedShaderValidationTest.ValidateBasicVoxelShader
565/1058 Test: EnhancedShaderValidationTest.ValidateBasicVoxelShader
Command: "/Users/michaelhalloran/cube_edit/build_ninja/bin/VoxelEditor_Rendering_Tests" "--gtest_filter=EnhancedShaderValidationTest.ValidateBasicVoxelShader" "--gtest_also_run_disabled_tests"
Directory: /Users/michaelhalloran/cube_edit/build_ninja/core/rendering/tests
"EnhancedShaderValidationTest.ValidateBasicVoxelShader" start time: Jun 20 08:27 EDT
Output:
----------------------------------------------------------
Note: Google Test filter = EnhancedShaderValidationTest.ValidateBasicVoxelShader
[==========] Running 1 test from 1 test suite.
[----------] Global test environment set-up.
[----------] 1 test from EnhancedShaderValidationTest
[ RUN      ] EnhancedShaderValidationTest.ValidateBasicVoxelShader
/Users/michaelhalloran/cube_edit/core/rendering/tests/test_EnhancedShaderValidation.cpp:196: Skipped
Could not read shader files
[  SKIPPED ] EnhancedShaderValidationTest.ValidateBasicVoxelShader (71 ms)
[----------] 1 test from EnhancedShaderValidationTest (71 ms total)

[----------] Global test environment tear-down
[==========] 1 test from 1 test suite ran. (71 ms total)
[  PASSED  ] 0 tests.
[  SKIPPED ] 1 test, listed below:
[  SKIPPED ] EnhancedShaderValidationTest.ValidateBasicVoxelShader
<end of output>
Test time =   0.08 sec
----------------------------------------------------------
Test Pass Reason:
Skip regular expression found in output. Regex=[\[  SKIPPED \]]
"EnhancedShaderValidationTest.ValidateBasicVoxelShader" end time: Jun 20 08:27 EDT
"EnhancedShaderValidationTest.ValidateBasicVoxelShader" time elapsed: 00:00:00
----------------------------------------------------------

566/1058 Testing: EnhancedShaderValidationTest.ValidateGL21VoxelShader
566/1058 Test: EnhancedShaderValidationTest.ValidateGL21VoxelShader
Command: "/Users/michaelhalloran/cube_edit/build_ninja/bin/VoxelEditor_Rendering_Tests" "--gtest_filter=EnhancedShaderValidationTest.ValidateGL21VoxelShader" "--gtest_also_run_disabled_tests"
Directory: /Users/michaelhalloran/cube_edit/build_ninja/core/rendering/tests
"EnhancedShaderValidationTest.ValidateGL21VoxelShader" start time: Jun 20 08:27 EDT
Output:
----------------------------------------------------------
Note: Google Test filter = EnhancedShaderValidationTest.ValidateGL21VoxelShader
[==========] Running 1 test from 1 test suite.
[----------] Global test environment set-up.
[----------] 1 test from EnhancedShaderValidationTest
[ RUN      ] EnhancedShaderValidationTest.ValidateGL21VoxelShader
/Users/michaelhalloran/cube_edit/core/rendering/tests/test_EnhancedShaderValidation.cpp:222: Skipped
Could not read GL21 shader files
[  SKIPPED ] EnhancedShaderValidationTest.ValidateGL21VoxelShader (84 ms)
[----------] 1 test from EnhancedShaderValidationTest (84 ms total)

[----------] Global test environment tear-down
[==========] 1 test from 1 test suite ran. (84 ms total)
[  PASSED  ] 0 tests.
[  SKIPPED ] 1 test, listed below:
[  SKIPPED ] EnhancedShaderValidationTest.ValidateGL21VoxelShader
<end of output>
Test time =   0.09 sec
----------------------------------------------------------
Test Pass Reason:
Skip regular expression found in output. Regex=[\[  SKIPPED \]]
"EnhancedShaderValidationTest.ValidateGL21VoxelShader" end time: Jun 20 08:27 EDT
"EnhancedShaderValidationTest.ValidateGL21VoxelShader" time elapsed: 00:00:00
----------------------------------------------------------

584/1058 Testing: GroundPlaneGridTest.ShaderCompilation
584/1058 Test: GroundPlaneGridTest.ShaderCompilation
Command: "/Users/michaelhalloran/cube_edit/build_ninja/bin/VoxelEditor_Rendering_Tests" "--gtest_filter=GroundPlaneGridTest.ShaderCompilation" "--gtest_also_run_disabled_tests"
Directory: /Users/michaelhalloran/cube_edit/build_ninja/core/rendering/tests
"GroundPlaneGridTest.ShaderCompilation" start time: Jun 20 08:27 EDT
Output:
----------------------------------------------------------
Note: Google Test filter = GroundPlaneGridTest.ShaderCompilation
[==========] Running 1 test from 1 test suite.
[----------] Global test environment set-up.
[----------] 1 test from GroundPlaneGridTest
[ RUN      ] GroundPlaneGridTest.ShaderCompilation
[       OK ] GroundPlaneGridTest.ShaderCompilation (0 ms)
[----------] 1 test from GroundPlaneGridTest (0 ms total)

[----------] Global test environment tear-down
[==========] 1 test from 1 test suite ran. (0 ms total)
[  PASSED  ] 1 test.
<end of output>
Test time =   0.01 sec
----------------------------------------------------------
Test Passed.
"GroundPlaneGridTest.ShaderCompilation" end time: Jun 20 08:27 EDT
"GroundPlaneGridTest.ShaderCompilation" time elapsed: 00:00:00
----------------------------------------------------------

1048/1058 Testing: ShaderValidation
1048/1058 Test: ShaderValidation
Command: "/Users/michaelhalloran/cube_edit/build_ninja/bin/ShaderTest" "--all" "--report" "shader_test_report.txt"
Directory: /Users/michaelhalloran/cube_edit/build_ninja/bin
"ShaderValidation" start time: Jun 20 08:27 EDT
Output:
----------------------------------------------------------
=== Voxel Editor Shader Test Suite ===
Output directory: test_output
Mode: Headless

Initializing shader test framework...
Successfully loaded OpenGL VAO functions
Successfully created and bound default VAO: 1
Testing built-in shaders...
Successfully loaded OpenGL VAO functions
Successfully created and bound default VAO: 1
  Testing ground plane grid shaders...
Shader attribute locations after linking: pos=-1 normal=-1 color=-1
    ✓ Grid shaders compiled successfully
    ✓ Grid shader rendering passed
Testing file-based shaders...
Successfully loaded OpenGL VAO functions
Successfully created and bound default VAO: 1
  Testing basic_voxel shaders...
Shader attribute locations after linking: pos=-1 normal=-1 color=-1
[2025-06-20 08:27:54.815] [INFO ] Compiling shader program: test_2736183554308214096
Shader attribute locations after linking: pos=-1 normal=-1 color=-1
[2025-06-20 08:27:54.817] [INFO ] Successfully created shader program: test_2736183554308214096 (ID: 6)
    ✓ basic_voxel shaders passed
  Testing flat_voxel shader...
Program linking warning: WARNING: Output of vertex shader 'FragPos' not read by fragment shader

Shader attribute locations after linking: pos=-1 normal=-1 color=-1
[2025-06-20 08:27:54.854] [INFO ] Compiling shader program: test_8473088154972764617
Program linking warning: WARNING: Output of vertex shader 'FragPos' not read by fragment shader

Shader attribute locations after linking: pos=-1 normal=-1 color=-1
[2025-06-20 08:27:54.856] [INFO ] Successfully created shader program: test_8473088154972764617 (ID: 12)
    ✓ flat_voxel shader passed
  Testing enhanced_voxel shader...
Shader attribute locations after linking: pos=-1 normal=-1 color=-1
[2025-06-20 08:27:54.893] [INFO ] Compiling shader program: test_302461936103241798
Shader attribute locations after linking: pos=-1 normal=-1 color=-1
[2025-06-20 08:27:54.896] [INFO ] Successfully created shader program: test_302461936103241798 (ID: 18)
    ✓ enhanced_voxel shader passed
  Testing test_fixed_color_gl33 shaders...
Shader attribute locations after linking: pos=-1 normal=-1 color=-1
[2025-06-20 08:27:54.931] [INFO ] Compiling shader program: test_14148762551427400155
Shader attribute locations after linking: pos=-1 normal=-1 color=-1
[2025-06-20 08:27:54.932] [INFO ] Successfully created shader program: test_14148762551427400155 (ID: 24)
    ✓ test_fixed_color_gl33 shaders passed

=== Shader Test Summary ===
Total tests: 6
Passed: 6
Failed: 0
Success rate: 100.0%

Test report written to: shader_test_report.txt
<end of output>
Test time =   0.26 sec
----------------------------------------------------------
Test Passed.
"ShaderValidation" end time: Jun 20 08:27 EDT
"ShaderValidation" time elapsed: 00:00:00
----------------------------------------------------------

End testing: Jun 20 08:27 EDT

rendering =   0.26 sec*proc

shader =   0.26 sec*proc

